
==============================
[2026-01-14 18:53:16] SENT:
📊 持股戰情牆 (🟢)

🏆 總資產: $657,167 | 總損益: $164,386 (33.36%)

🔹 富邦台50 (006208)
   📈 現價: 161.45 (0.37%)
   📦 庫存: 2060 | 均價: 114.44
   💰 損益: $96,841 (41.08%)
   📊 強勢多頭 🔥
🔹 台達電 (2308)
   📈 現價: 1060.0 (2.91%)
   📦 庫存: 18 | 均價: 388
   💰 損益: $12,096 (173.2%)
   📊 強勢多頭 🔥
🔹 台積電 (2330)
   📈 現價: 1710.0 (0.0%)
   📦 庫存: 10 | 均價: 1024.5
   💰 損益: $6,855 (66.91%)
   📊 強勢多頭 🔥
🔹 台光電 (2383)
   📈 現價: 1670.0 (2.14%)
   📦 庫存: 17 | 均價: 420.29
   💰 損益: $21,246 (297.4%)
   📊 強勢多頭 🔥
🔹 聯發科 (2454)
   📈 現價: 1500.0 (1.01%)
   📦 庫存: 134 | 均價: 1332.24
   💰 損益: $22,480 (12.59%)
   📊 強勢多頭 🔥
🔹 晟銘電 (3013)
   📈 現價: 126.0 (4.13%)
   📦 庫存: 270 | 均價: 127.54
   💰 損益: $-415 (-1.21%)
   📊 盤整 ⚖️
🔹 欣興 (3037)
   📈 現價: 250.0 (-1.57%)
   📦 庫存: 45 | 均價: 146.6
   💰 損益: $4,653 (70.53%)
   📊 強勢多頭 🔥
🔹 精成科 (6191)
   📈 現價: 114.5 (0.44%)
   📦 庫存: 120 | 均價: 109.25
   💰 損益: $630 (4.81%)
   📊 多頭格局 📈
🔹 小那斯達克期貨 (NQ=F)
   📈 現價: 25754.25 (-0.59%)
   📊 多頭格局 📈
🔹 NVIDIA (NVDA)
   📈 現價: 185.81 (0.47%)
   📊 多頭格局 📈
🔹 AMD (AMD)
   📈 現價: 220.97 (6.39%)
   📊 多頭格局 📈
🔹 台積電ADR (TSM)
   📈 現價: 331.21 (-0.17%)
   📊 強勢多頭 🔥
🔹 鴻海 (2317)
   📈 現價: 234.5 (3.53%)
   📊 強勢多頭 🔥

📝 系統: 無交易
==============================

==============================
[2026-01-14 18:53:42] SENT:
👨‍💼 我是你的 CFO 兼技術導師。

針對目前的持股與市場資訊，以下是為你準備的專業掃描與教學。

📊 【任務 1: 市場掃描】

🎯 今日大盤氣氛：台股站穩三萬點大關並衝向三萬一，呈現資金高度集中於 AI 權值股的「結構性牛市」。

📰 重點新聞評析：
1. 🟢 台股重電概念股齊漲！AI 算力缺口轉化為電力商機。
(這對你持有的台達電 2308 是長線利多，電源管理與散熱已轉化為電力基礎設施需求。)
2. 🟢 台股站上 3 萬後結構改變，並非普漲。
(這解釋了為何你大部分持股狂噴，但晟銘電 3013 卻在盤整，目前市場偏好大市值權值股。)

---

🎓 【任務 2: 雙重 K 線教學】

🎓 案例一：台光電 (2383)

📐 型態名詞：強勢多頭排列與階梯式墊高
白話解釋：你可以看到股價就像在爬樓梯，每漲一段後會橫盤整理幾天，但低點從未跌破前一次的高點。這種型態代表大戶惜售，且每當有小回檔就有新資金進場承接，是極端強勢的表現。

💡 操作建議：續抱。你的成本價在 420 元，目前獲利將近 300%，這種「妖股」級別的走勢不輕易預設壓力位。建議以「五日線」作為移動停利點，只要沒跌破收盤價就讓利潤繼續奔跑。

---

🎓 案例二：晟銘電 (3013)

📐 型態名詞：箱型橫盤整理
白話解釋：股價像是在一個透明的紙箱裡跳動，上有蓋、下有底，始終無法突破區間。這顯示市場資金目前正在觀望它的業績是否能跟上其他 AI 權值股，或者是大戶正在進行換手洗盤。

💡 操作建議：觀望或汰弱留強。由於你其他持股如台積電、聯發科都已大幅獲利，這檔小幅虧損的標的顯得效率較低。若股價跌破箱子底部（支撐位），建議直接止損，將資金轉投向更強勢的權值龍頭。

---

🚀 CFO 導師總結：
你的資產配置目前極度優異，權值股佔比高且獲利豐厚。目前的策略是「留強汰弱」，不需要頻繁操作，讓獲利跟隨 AI 浪潮持續擴張即可。
==============================
